<?xml version="1.0" encoding="UTF-8"?>
<testsuite name="Test" tests="4" skipped="0" failures="0" errors="0" timestamp="2022-05-15T15:50:49" hostname="WIN-B3MQHF846S6" time="0.062">
  <properties/>
  <testcase name="resultABS()" classname="Test" time="0.052"/>
  <testcase name="resultSum()" classname="Test" time="0.002"/>
  <testcase name="resultMinus()" classname="Test" time="0.002"/>
  <testcase name="resultMultiplication()" classname="Test" time="0.002"/>
  <system-out><![CDATA[]]></system-out>
  <system-err><![CDATA[]]></system-err>
</testsuite>
